<?xml version="1.0" encoding="UTF-8"?>
<testsuite name="junit.FirstJUnitTest" tests="2" skipped="0" failures="0" errors="0" timestamp="2022-02-19T10:56:22" hostname="administrator-Latitude-5510" time="0.02">
  <properties/>
  <testcase name="simple1Test()" classname="junit.FirstJUnitTest" time="0.014"/>
  <testcase name="simple2Test()" classname="junit.FirstJUnitTest" time="0.004"/>
  <system-out><![CDATA[before all
BeforeEach
test 1
AfterEach
BeforeEach
test 2
AfterEach
after all
]]></system-out>
  <system-err><![CDATA[]]></system-err>
</testsuite>
